[28/04/2014-21:14:44] [beelzebub] [engine]: starting engine warmup...
[28/04/2014-21:14:45] [beelzebub] [engine]: 100 evaluations done, avg time: (10.87ms avg)
[28/04/2014-21:14:46] [beelzebub] [engine]: 100 evaluations done, avg time: (2.8187ms avg)
[28/04/2014-21:14:46] [beelzebub] [engine]: 100 evaluations done, avg time: (1.688187ms avg)
[28/04/2014-21:14:46] [beelzebub] [engine]: 100 evaluations done, avg time: (1.30688187ms avg)
[28/04/2014-21:14:46] [beelzebub] [engine]: 100 evaluations done, avg time: (1.1430688187ms avg)
[28/04/2014-21:14:46] [beelzebub] [engine]: 100 evaluations done, avg time: (1.291430688187ms avg)
[28/04/2014-21:14:46] [beelzebub] [engine]: 100 evaluations done, avg time: (0.78291430688187ms avg)
[28/04/2014-21:14:46] [beelzebub] [engine]: 100 evaluations done, avg time: (0.5578291430688187ms avg)
[28/04/2014-21:14:46] [beelzebub] [engine]: 100 evaluations done, avg time: (0.5355782914306881ms avg)
[28/04/2014-21:14:46] [beelzebub] [engine]: 100 evaluations done, avg time: (0.5653557829143069ms avg)
[28/04/2014-21:14:46] [beelzebub] [engine]: 100 evaluations done, avg time: (0.555653557829143ms avg)
[28/04/2014-21:14:46] [beelzebub] [engine]: 100 evaluations done, avg time: (0.6355565355782915ms avg)
[28/04/2014-21:14:47] [beelzebub] [engine]: 100 evaluations done, avg time: (0.4863555653557829ms avg)
[28/04/2014-21:14:47] [beelzebub] [engine]: 100 evaluations done, avg time: (0.4448635556535578ms avg)
[28/04/2014-21:14:47] [beelzebub] [engine]: 100 evaluations done, avg time: (0.41444863555653555ms avg)
[28/04/2014-21:14:47] [beelzebub] [engine]: 100 evaluations done, avg time: (0.4141444863555654ms avg)
[28/04/2014-21:14:47] [beelzebub] [engine]: 100 evaluations done, avg time: (0.43414144486355566ms avg)
[28/04/2014-21:14:47] [beelzebub] [engine]: 100 evaluations done, avg time: (0.38434141444863557ms avg)
[28/04/2014-21:14:47] [beelzebub] [engine]: 100 evaluations done, avg time: (0.39384341414448637ms avg)
[28/04/2014-21:14:47] [beelzebub] [engine]: 100 evaluations done, avg time: (0.37393843414144484ms avg)
[28/04/2014-21:14:47] [beelzebub] [engine]: engine warmup finished, total evaluations: 2000, total time: 2665ms
[28/04/2014-21:14:47] [beelzebub] [interpreter]: started with start: 0, end: 91
[28/04/2014-21:14:47] [beelzebub] [interpreter]: init stacks...
[28/04/2014-21:14:47] [beelzebub] [interpreter]: init stacks done.
[28/04/2014-21:14:54] [beelzebub] [interpreter]: for_loop_top, INDEX = 0
[28/04/2014-21:15:03] [beelzebub] [interpreter]: found PROGRAM, INDEX = 0
