[28/04/2014-21:23:25] [beelzebub] [parser-InfoCollector]: parsing file ...
[28/04/2014-21:23:25] [beelzebub] [parser-InfoCollector]: merge all Files ...
[28/04/2014-21:23:25] [beelzebub] [parser-MergeFiles]: Inside mergeAll()
[28/04/2014-21:23:25] [beelzebub] [parser-MergeFiles]: Merged code: 
PROGRAMdeineMuddaVARblub:BOOL:=FALSE;blah:INT:=3;END_VARPRINT(blub);PRINT(blah);END_PROGRAM
[28/04/2014-21:23:25] [beelzebub] [parser-InfoCollector]: Files merged.
[28/04/2014-21:23:25] [beelzebub] [parser-InfoCollector]: analyse the code ...
[28/04/2014-21:23:25] [beelzebub] [parser-Analyser]: findAllKeywords called.
[28/04/2014-21:23:25] [beelzebub] [parser-Analyser]: Found 2 PROGRAM and END_PROGRAM
[28/04/2014-21:23:25] [beelzebub] [parser-Analyser]: PROGRAM and END_PROGRAM Indexes: [0, 80]
[28/04/2014-21:23:25] [beelzebub] [parser-Analyser]: Found 0 FUNCTION and END_FNUNCTION
[28/04/2014-21:23:25] [beelzebub] [parser-Analyser]: FUNCTION and END_FNUNCTION Indexes: []
[28/04/2014-21:23:25] [beelzebub] [parser-Analyser]: Found 0 FUNCTION_BLOCK and END_FUNCTION_BLOCK
[28/04/2014-21:23:25] [beelzebub] [parser-Analyser]: FUNCTION_BLOCK and END_FUNCTION_BLOCK Indexes: []
[28/04/2014-21:23:25] [beelzebub] [parser-Analyser]: Found 0 VAR_GLOBAL and END_VAR
[28/04/2014-21:23:25] [beelzebub] [parser-Analyser]: VAR_GLOBAL and END_VAR Indexes: []
[28/04/2014-21:23:25] [beelzebub] [parser-Analyser]: Found 0 VAR_CONFIG and END_VAR
[28/04/2014-21:23:25] [beelzebub] [parser-Analyser]: VAR_CONFIG and END_VAR Indexes: []
[28/04/2014-21:23:25] [beelzebub] [parser-Analyser]: Found 0 CASE and END_CASE
[28/04/2014-21:23:25] [beelzebub] [parser-Analyser]: CASE and END_CASE Indexes: []
[28/04/2014-21:23:25] [beelzebub] [parser-Analyser]: Found 0 FOR and END_FOR
[28/04/2014-21:23:25] [beelzebub] [parser-Analyser]: FOR and END_FOR Indexes: []
[28/04/2014-21:23:25] [beelzebub] [parser-Analyser]: Found 0 WHILE and END_WHILE
[28/04/2014-21:23:25] [beelzebub] [parser-Analyser]: WHILE and END_WHILE Indexes: []
[28/04/2014-21:23:25] [beelzebub] [parser-Analyser]: Found 0 REPEAT and END_REPEAT
[28/04/2014-21:23:25] [beelzebub] [parser-Analyser]: REPEAT and END_REPEAT Indexes: []
[28/04/2014-21:23:25] [beelzebub] [parser-Analyser]: Found 0 VAR_INPUT and END_VAR
[28/04/2014-21:23:25] [beelzebub] [parser-Analyser]: VAR_INPUT and END_VAR Indexes: []
[28/04/2014-21:23:25] [beelzebub] [parser-Analyser]: Found 0 VAR_OUTPUT and END_VAR
[28/04/2014-21:23:25] [beelzebub] [parser-Analyser]: VAR_OUTPUT and END_VAR Indexes: []
[28/04/2014-21:23:25] [beelzebub] [parser-Analyser]: Found 0 IF and END_IF
[28/04/2014-21:23:25] [beelzebub] [parser-Analyser]: IF and END_IF Indexes: []
[28/04/2014-21:23:25] [beelzebub] [parser-Analyser]: Found 2 VAR and END_VAR
[28/04/2014-21:23:25] [beelzebub] [parser-Analyser]: VAR and END_VAR Indexes: [17, 49]
[28/04/2014-21:23:25] [beelzebub] [parser-InfoCollector]: Analysed.
[28/04/2014-21:23:25] [beelzebub] [parser-InfoCollector]: matching open and close tags ...
[28/04/2014-21:23:25] [beelzebub] [parser-InfoCollector]: Matched.
[28/04/2014-21:23:25] [beelzebub] [parser-InfoCollector]: find all symbols in the code ...
[28/04/2014-21:23:25] [beelzebub] [parser-InfoCollector]: Symbols stored.
[28/04/2014-21:23:25] [beelzebub] [parser-InfoCollector]: file parsed.
[28/04/2014-21:23:25] [beelzebub] [parser-InfoCollector]: getAllTheCode called.
[28/04/2014-21:23:25] [beelzebub] [engine]: starting engine warmup...
[28/04/2014-21:23:26] [beelzebub] [engine]: 100 evaluations done, avg time: (10.31ms avg)
[28/04/2014-21:23:26] [beelzebub] [engine]: 100 evaluations done, avg time: (3.9931ms avg)
[28/04/2014-21:23:26] [beelzebub] [engine]: 100 evaluations done, avg time: (1.649931ms avg)
[28/04/2014-21:23:26] [beelzebub] [engine]: 100 evaluations done, avg time: (1.19649931ms avg)
[28/04/2014-21:23:26] [beelzebub] [engine]: 100 evaluations done, avg time: (1.0419649931000001ms avg)
[28/04/2014-21:23:27] [beelzebub] [engine]: 100 evaluations done, avg time: (1.1004196499310002ms avg)
[28/04/2014-21:23:27] [beelzebub] [engine]: 100 evaluations done, avg time: (0.86100419649931ms avg)
[28/04/2014-21:23:27] [beelzebub] [engine]: 100 evaluations done, avg time: (0.5586100419649931ms avg)
[28/04/2014-21:23:27] [beelzebub] [engine]: 100 evaluations done, avg time: (0.5155861004196499ms avg)
[28/04/2014-21:23:27] [beelzebub] [engine]: 100 evaluations done, avg time: (0.5651558610041966ms avg)
[28/04/2014-21:23:27] [beelzebub] [engine]: 100 evaluations done, avg time: (0.525651558610042ms avg)
[28/04/2014-21:23:27] [beelzebub] [engine]: 100 evaluations done, avg time: (0.47525651558610044ms avg)
[28/04/2014-21:23:27] [beelzebub] [engine]: 100 evaluations done, avg time: (0.42475256515586096ms avg)
[28/04/2014-21:23:27] [beelzebub] [engine]: 100 evaluations done, avg time: (0.41424752565155865ms avg)
[28/04/2014-21:23:27] [beelzebub] [engine]: 100 evaluations done, avg time: (0.4241424752565156ms avg)
[28/04/2014-21:23:27] [beelzebub] [engine]: 100 evaluations done, avg time: (0.41424142475256515ms avg)
[28/04/2014-21:23:27] [beelzebub] [engine]: 100 evaluations done, avg time: (0.4041424142475256ms avg)
[28/04/2014-21:23:27] [beelzebub] [engine]: 100 evaluations done, avg time: (0.3840414241424752ms avg)
[28/04/2014-21:23:27] [beelzebub] [engine]: 100 evaluations done, avg time: (0.41384041424142476ms avg)
[28/04/2014-21:23:27] [beelzebub] [engine]: 100 evaluations done, avg time: (0.4041384041424142ms avg)
[28/04/2014-21:23:27] [beelzebub] [engine]: engine warmup finished, total evaluations: 2000, total time: 2662ms
[28/04/2014-21:23:27] [beelzebub] [interpreter]: started with start: 0, end: 91
[28/04/2014-21:23:27] [beelzebub] [interpreter]: init stacks...
[28/04/2014-21:23:27] [beelzebub] [interpreter]: init stacks done.
[28/04/2014-21:23:51] [beelzebub] [interpreter]: for_loop_top, INDEX = 0
[28/04/2014-21:23:54] [beelzebub] [interpreter]: found PROGRAM, INDEX = 0
[28/04/2014-21:24:39] [beelzebub] [interpreter]: get_var call, INDEX = 0
[28/04/2014-21:24:56] [beelzebub] [interpreter]: get_var return, INDEX = 17
[28/04/2014-21:25:25] [beelzebub] [parser-InfoCollector]: getEndVar called.
[28/04/2014-21:25:42] [beelzebub] [interpreter]: for_loop_top, INDEX = 56
[28/04/2014-21:26:09] [beelzebub] [interpreter]: found PRINT, INDEX = 56
[28/04/2014-21:26:14] [beelzebub] [interpreter]: get_semicolon call, INDEX = 62
[28/04/2014-21:26:14] [beelzebub] [interpreter]: get_semicolon return, INDEX = 67
[28/04/2014-21:26:47] [beelzebub] [parser-InfoCollector]: replaceVars called.
